<?xml version="1.0" encoding="UTF-8"?>
<!-- Generated by org.testng.reporters.JUnitReportReporter -->
<testsuite hostname="LAPTOP-K29UFT4A" failures="0" tests="5" name="pra.Prriority" time="0.005" errors="0" timestamp="2022-09-09T03:08:02 IST" skipped="0">
  <testcase classname="pra.Prriority" name="e_method" time="0.004"/>
  <system-out/>
  <testcase classname="pra.Prriority" name="d_method" time="0.001"/>
  <system-out/>
  <testcase classname="pra.Prriority" name="a_method" time="0.000"/>
  <system-out/>
  <testcase classname="pra.Prriority" name="c_method" time="0.000"/>
  <system-out/>
  <testcase classname="pra.Prriority" name="b_method" time="0.000"/>
  <system-out/>
</testsuite> <!-- pra.Prriority -->
