<?xml version="1.0" encoding="UTF-8"?>
<!-- Generated by org.testng.reporters.JUnitReportReporter -->
<testsuite hostname="LAPTOP-K29UFT4A" failures="0" tests="1" name="pra.Day2Test" time="0.006" errors="0" timestamp="2022-09-05T00:08:34 IST" skipped="0">
  <testcase classname="pra.Day2Test" name="Sea" time="0.006"/>
  <system-out/>
</testsuite> <!-- pra.Day2Test -->
