<?xml version="1.0" encoding="UTF-8"?>
<!-- Generated by org.testng.reporters.JUnitReportReporter -->
<testsuite hostname="LAPTOP-K29UFT4A" failures="0" tests="4" name="pra.Para" time="19.281" errors="0" timestamp="2022-09-09T03:29:01 IST" skipped="0">
  <testcase classname="pra.Para" name="Exec" time="4.967"/>
  <system-out/>
  <testcase classname="pra.Para" name="Exec" time="6.231"/>
  <system-out/>
  <testcase classname="pra.Para" name="radio" time="4.048"/>
  <system-out/>
  <testcase classname="pra.Para" name="check" time="4.035"/>
  <system-out/>
</testsuite> <!-- pra.Para -->
